{"/home/marcos/Documents/IEBT/dojos/teste-react/dojo-react/src/App.js": {"path":"/home/marcos/Documents/IEBT/dojos/teste-react/dojo-react/src/App.js","statementMap":{"0":{"start":{"line":6,"column":2},"end":{"line":8,"column":4}}},"fnMap":{"0":{"name":"App","decl":{"start":{"line":5,"column":9},"end":{"line":5,"column":12}},"loc":{"start":{"line":5,"column":15},"end":{"line":9,"column":1}},"line":5}},"branchMap":{},"s":{"0":0},"f":{"0":0},"b":{}}
,"/home/marcos/Documents/IEBT/dojos/teste-react/dojo-react/src/index.js": {"path":"/home/marcos/Documents/IEBT/dojos/teste-react/dojo-react/src/index.js","statementMap":{"0":{"start":{"line":5,"column":0},"end":{"line":10,"column":2}}},"fnMap":{},"branchMap":{},"s":{"0":0},"f":{},"b":{}}
}
